[debug] [2018-04-27T04:29:59.412Z] ----------------------------------------------------------------------
[debug] [2018-04-27T04:29:59.415Z] Command:       /Users/kimmyeongsu/.nvm/versions/node/v6.10.3/bin/node /Users/kimmyeongsu/.nvm/versions/node/v6.10.3/bin/firebase serve
[debug] [2018-04-27T04:29:59.415Z] CLI Version:   3.18.4
[debug] [2018-04-27T04:29:59.415Z] Platform:      darwin
[debug] [2018-04-27T04:29:59.415Z] Node Version:  v6.10.3
[debug] [2018-04-27T04:29:59.415Z] Time:          Fri Apr 27 2018 00:29:59 GMT-0400 (EDT)
[debug] [2018-04-27T04:29:59.415Z] ----------------------------------------------------------------------
[debug] 
[debug] [2018-04-27T04:29:59.427Z] > command requires scopes: ["email","openid","https://www.googleapis.com/auth/cloudplatformprojects.readonly","https://www.googleapis.com/auth/firebase","https://www.googleapis.com/auth/cloud-platform"]
[debug] [2018-04-27T04:29:59.427Z] > authorizing via signed-in user
[debug] [2018-04-27T04:29:59.428Z] > refreshing access token with scopes: ["email","https://www.googleapis.com/auth/cloud-platform","https://www.googleapis.com/auth/cloudplatformprojects.readonly","https://www.googleapis.com/auth/firebase","openid"]
[debug] [2018-04-27T04:29:59.429Z] >>> HTTP REQUEST POST https://www.googleapis.com/oauth2/v3/token  
 { refresh_token: '1/5TFWFy1fdZW0WNxuRyWHZ6n9Bxtor5oxPFGRbduGOns',
  client_id: '563584335869-fgrhgmd47bqnekij5i8b5pr03ho849e6.apps.googleusercontent.com',
  client_secret: 'j9iVZfS8kkCEFUPaAeJV0sAi',
  grant_type: 'refresh_token',
  scope: 'email https://www.googleapis.com/auth/cloud-platform https://www.googleapis.com/auth/cloudplatformprojects.readonly https://www.googleapis.com/auth/firebase openid' } 
 Fri Apr 27 2018 00:29:59 GMT-0400 (EDT)
[debug] [2018-04-27T04:29:59.599Z] <<< HTTP RESPONSE 200
[debug] [2018-04-27T04:29:59.602Z] >>> HTTP REQUEST GET https://admin.firebase.com/v1/projects/cs252-lab6-58dac  
  
 Fri Apr 27 2018 00:29:59 GMT-0400 (EDT)
[debug] [2018-04-27T04:29:59.875Z] <<< HTTP RESPONSE 200
[debug] [2018-04-27T04:29:59.876Z] >>> HTTP REQUEST GET https://admin.firebase.com/v1/database/cs252-lab6-58dac/tokens  
  
 Fri Apr 27 2018 00:29:59 GMT-0400 (EDT)
[debug] [2018-04-27T04:30:00.190Z] <<< HTTP RESPONSE 200
[debug] [2018-04-27T04:30:00.191Z] >>> HTTP REQUEST GET https://cloudresourcemanager.googleapis.com/v1/projects/cs252-lab6-58dac  
  
 Fri Apr 27 2018 00:30:00 GMT-0400 (EDT)
[debug] [2018-04-27T04:30:00.433Z] <<< HTTP RESPONSE 200
[info] 
[info] === Serving from '/Users/kimmyeongsu/Desktop/project6/StraightEye-Lab6'...
[info] 
[info] i  functions: Preparing to emulate functions.
[debug] [2018-04-27T04:30:00.895Z] Fetching environment
[debug] [2018-04-27T04:30:00.897Z] >>> HTTP REQUEST GET https://mobilesdk-pa.googleapis.com/v1/projects/730586130212:getServerAppConfig  
  
 Fri Apr 27 2018 00:30:00 GMT-0400 (EDT)
[debug] [2018-04-27T04:30:00.897Z] >>> HTTP REQUEST GET https://mobilesdk-pa.googleapis.com/v1/projects/730586130212/clients/_:getWebAppConfig  
  
 Fri Apr 27 2018 00:30:00 GMT-0400 (EDT)
[debug] [2018-04-27T04:30:01.168Z] <<< HTTP RESPONSE 200
[info] i  hosting: Serving hosting files from: public
[info] ✔  hosting: Local server: http://localhost:5000

[debug] [2018-04-27T04:30:01.183Z] <<< HTTP RESPONSE 200
[debug] [2018-04-27T04:30:01.184Z] Starting @google-cloud/functions-emulator
[warn] ⚠  functions: Error from emulator. Error: Emulator crashed! Check the log file...
[debug] [2018-04-27T04:30:01.253Z] Error: Emulator crashed! Check the log file...
    at ChildProcess.child.on (/Users/kimmyeongsu/.nvm/versions/node/v6.10.3/lib/node_modules/firebase-tools/node_modules/@google-cloud/functions-emulator/src/cli/controller.js:650:24)
    at emitTwo (events.js:106:13)
    at ChildProcess.emit (events.js:191:7)
    at Process.ChildProcess._handle.onexit (internal/child_process.js:215:12)
[debug] [2018-04-27T19:51:43.460Z] Error: write EIO
    at exports._errnoException (util.js:1018:11)
    at WriteWrap.afterWrite (net.js:800:14)
[error] 
[error] Error: An unexpected error has occurred.
